<?xml version="1.0" encoding="UTF-8"?>
<!-- Generated by org.testng.reporters.JUnitReportReporter -->
<testsuite skipped="0" hostname="MAVCHN0522040" name="Runner.Runner" tests="2" failures="0" timestamp="11 Nov 2024 14:20:46 GMT" time="77.895" errors="0">
  <testcase name="runScenario" time="44.392" classname="Runner.Runner"/>
  <testcase name="runScenario" time="33.503" classname="Runner.Runner"/>
</testsuite> <!-- Runner.Runner -->
