<?xml version="1.0" encoding="UTF-8"?>
<!-- Generated by org.testng.reporters.JUnitReportReporter -->
<testsuite skipped="0" hostname="MAVCHN0522040" name="Runner.Runner" tests="2" failures="0" timestamp="13 Nov 2024 06:16:44 GMT" time="88.369" errors="0">
  <testcase name="runScenario" time="50.965" classname="Runner.Runner"/>
  <testcase name="runScenario" time="37.404" classname="Runner.Runner"/>
</testsuite> <!-- Runner.Runner -->
