<?xml version="1.0" encoding="UTF-8"?>
<!-- Generated by org.testng.reporters.JUnitReportReporter -->
<testsuite skipped="0" hostname="MAVCHN0522040" name="Runner.Runner" tests="2" failures="0" timestamp="13 Nov 2024 10:13:51 GMT" time="59.367" errors="0">
  <testcase name="runScenario" time="24.282" classname="Runner.Runner"/>
  <testcase name="runScenario" time="35.085" classname="Runner.Runner"/>
</testsuite> <!-- Runner.Runner -->
